<?xml version="1.0" encoding="UTF-8"?>
<!-- Generated by org.testng.reporters.JUnitXMLReporter -->
<testsuite hostname="Acer" ignored="4" name="Default test(failed)" tests="2" failures="2" timestamp="2020-12-22T17:44:26 IST" time="29.677" errors="0">
  <testcase name="validateClickcontactusLinkTest" time="0.029" classname="com.projectName.qa.base.IndexPageTest">
    <failure type="java.lang.NullPointerException">
      <![CDATA[java.lang.NullPointerException
at com.projectName.qa.base.IndexPageTest.validateClickcontactusLinkTest(IndexPageTest.java:44)
at java.util.ArrayList.forEach(Unknown Source)
... Removed 27 stack frames]]>
    </failure>
  </testcase> <!-- validateClickcontactusLinkTest -->
  <testcase name="validatecontactUsLinkTest" time="0.005" classname="com.projectName.qa.base.IndexPageTest">
    <failure type="java.lang.NullPointerException">
      <![CDATA[java.lang.NullPointerException
at com.projectName.qa.base.IndexPageTest.validatecontactUsLinkTest(IndexPageTest.java:39)
at java.util.ArrayList.forEach(Unknown Source)
... Removed 27 stack frames]]>
    </failure>
  </testcase> <!-- validatecontactUsLinkTest -->
  <testcase name="ImageTest" time="0.0" classname="com.projectName.qa.base.IndexPageTest">
    <ignored/>
  </testcase> <!-- ImageTest -->
  <testcase name="signInLinkTest" time="0.0" classname="com.projectName.qa.base.IndexPageTest">
    <ignored/>
  </testcase> <!-- signInLinkTest -->
  <testcase name="LogoTest" time="0.0" classname="com.projectName.qa.base.IndexPageTest">
    <ignored/>
  </testcase> <!-- LogoTest -->
  <testcase name="clickSignInLinkTest" time="0.0" classname="com.projectName.qa.base.IndexPageTest">
    <ignored/>
  </testcase> <!-- clickSignInLinkTest -->
</testsuite> <!-- Default test(failed) -->
