<?xml version="1.0" encoding="UTF-8"?>
<!-- Generated by org.testng.reporters.JUnitXMLReporter -->
<testsuite hostname="Acer" ignored="0" name="Default test" tests="6" failures="0" timestamp="2020-12-27T16:49:16 IST" time="132.653" errors="0">
  <testcase name="ImageTest" time="0.189" classname="com.projectName.qa.base.IndexPageTest"/>
  <testcase name="LogoTest" time="0.133" classname="com.projectName.qa.base.IndexPageTest"/>
  <testcase name="clickSignInLinkTest" time="4.088" classname="com.projectName.qa.base.IndexPageTest"/>
  <testcase name="signInLinkTest" time="0.166" classname="com.projectName.qa.base.IndexPageTest"/>
  <testcase name="validateClickcontactusLinkTest" time="2.508" classname="com.projectName.qa.base.IndexPageTest"/>
  <testcase name="validatecontactUsLinkTest" time="0.093" classname="com.projectName.qa.base.IndexPageTest"/>
</testsuite> <!-- Default test -->
